# JRE version: Java(TM) SE Runtime Environment (8.0_101-b13) (build 1.8.0_101-b13)
# Java VM: Java HotSpot(TM) Client VM (25.101-b13 mixed mode windows-x86 )
Heap:
 def new generation   total 4928K, used 2918K [0x04200000, 0x04750000, 0x09750000)
  eden space 4416K,  57% used [0x04200000, 0x04479c08, 0x04650000)
  from space 512K,  74% used [0x04650000, 0x046afec0, 0x046d0000)
  to   space 512K,   0% used [0x046d0000, 0x046d0000, 0x04750000)
 tenured generation   total 10944K, used 1988K [0x09750000, 0x0a200000, 0x14200000)
   the space 10944K,  18% used [0x09750000, 0x09941310, 0x09941400, 0x0a200000)
 Metaspace       used 6043K, capacity 6219K, committed 6272K, reserved 6528K
GC Heap History (4 events):
Event: 1.600 GC heap before
{Heap before GC invocations=0 (full 0):
 def new generation   total 4928K, used 4416K [0x04200000, 0x04750000, 0x09750000)
  eden space 4416K, 100% used [0x04200000, 0x04650000, 0x04650000)
  from space 512K,   0% used [0x04650000, 0x04650000, 0x046d0000)
  to   space 512K,   0% used [0x046d0000, 0x046d0000, 0x04750000)
 tenured generation   total 10944K, used 0K [0x09750000, 0x0a200000, 0x14200000)
   the space 10944K,   0% used [0x09750000, 0x09750000, 0x09750200, 0x0a200000)
 Metaspace       used 5912K, capacity 6086K, committed 6144K, reserved 6528K
Event: 1.613 GC heap after
Heap after GC invocations=1 (full 0):
 def new generation   total 4928K, used 512K [0x04200000, 0x04750000, 0x09750000)
  eden space 4416K,   0% used [0x04200000, 0x04200000, 0x04650000)
  from space 512K, 100% used [0x046d0000, 0x04750000, 0x04750000)
  to   space 512K,   0% used [0x04650000, 0x04650000, 0x046d0000)
 tenured generation   total 10944K, used 1189K [0x09750000, 0x0a200000, 0x14200000)
   the space 10944K,  10% used [0x09750000, 0x09879568, 0x09879600, 0x0a200000)
 Metaspace       used 5912K, capacity 6086K, committed 6144K, reserved 6528K
}
Event: 8.185 GC heap before
{Heap before GC invocations=1 (full 0):
 def new generation   total 4928K, used 2910K [0x04200000, 0x04750000, 0x09750000)
  eden space 4416K,  54% used [0x04200000, 0x044578b8, 0x04650000)
  from space 512K, 100% used [0x046d0000, 0x04750000, 0x04750000)
  to   space 512K,   0% used [0x04650000, 0x04650000, 0x046d0000)
 tenured generation   total 10944K, used 1189K [0x09750000, 0x0a200000, 0x14200000)
   the space 10944K,  10% used [0x09750000, 0x09879568, 0x09879600, 0x0a200000)
 Metaspace       used 6043K, capacity 6219K, committed 6272K, reserved 6528K
Event: 8.195 GC heap after
Heap after GC invocations=2 (full 0):
 def new generation   total 4928K, used 383K [0x04200000, 0x04750000, 0x09750000)
  eden space 4416K,   0% used [0x04200000, 0x04200000, 0x04650000)
  from space 512K,  74% used [0x04650000, 0x046afec0, 0x046d0000)
  to   space 512K,   0% used [0x046d0000, 0x046d0000, 0x04750000)
 tenured generation   total 10944K, used 1988K [0x09750000, 0x0a200000, 0x14200000)
   the space 10944K,  18% used [0x09750000, 0x09941310, 0x09941400, 0x0a200000)
 Metaspace       used 6043K, capacity 6219K, committed 6272K, reserved 6528K
}

